c:\users\random\dropbox\c++\somethingtocryabout\somethingtocryabout\release\vc120.pdb
c:\users\random\dropbox\c++\somethingtocryabout\somethingtocryabout\release\window.obj
c:\users\random\dropbox\c++\somethingtocryabout\somethingtocryabout\release\wall.obj
c:\users\random\dropbox\c++\somethingtocryabout\somethingtocryabout\release\texture.obj
c:\users\random\dropbox\c++\somethingtocryabout\somethingtocryabout\release\stdafx.obj
c:\users\random\dropbox\c++\somethingtocryabout\somethingtocryabout\release\sprite.obj
c:\users\random\dropbox\c++\somethingtocryabout\somethingtocryabout\release\player.obj
c:\users\random\dropbox\c++\somethingtocryabout\somethingtocryabout\release\movablewall.obj
c:\users\random\dropbox\c++\somethingtocryabout\somethingtocryabout\release\main.obj
c:\users\random\dropbox\c++\somethingtocryabout\somethingtocryabout\release\level.obj
c:\users\random\dropbox\c++\somethingtocryabout\somethingtocryabout\release\genericactor.obj
c:\users\random\dropbox\c++\somethingtocryabout\somethingtocryabout\release\enemy.obj
c:\users\random\dropbox\c++\somethingtocryabout\somethingtocryabout\release\bullet.obj
c:\users\random\dropbox\c++\somethingtocryabout\release\somethingtocryabout.exe
c:\users\random\dropbox\c++\somethingtocryabout\release\somethingtocryabout.pdb
c:\users\random\dropbox\c++\somethingtocryabout\somethingtocryabout\release\quadtree.obj
c:\users\random\dropbox\c++\somethingtocryabout\somethingtocryabout\release\somethin.f0d260c3.tlog\cl.command.1.tlog
c:\users\random\dropbox\c++\somethingtocryabout\somethingtocryabout\release\somethin.f0d260c3.tlog\cl.read.1.tlog
c:\users\random\dropbox\c++\somethingtocryabout\somethingtocryabout\release\somethin.f0d260c3.tlog\cl.write.1.tlog
c:\users\random\dropbox\c++\somethingtocryabout\somethingtocryabout\release\somethin.f0d260c3.tlog\link.command.1.tlog
c:\users\random\dropbox\c++\somethingtocryabout\somethingtocryabout\release\somethin.f0d260c3.tlog\link.read.1.tlog
c:\users\random\dropbox\c++\somethingtocryabout\somethingtocryabout\release\somethin.f0d260c3.tlog\link.write.1.tlog
